2020-03-07 14:35:08.075 [XMPPTCPConnection[redstar@myopenfire/server] (0) callConnectionClosedOnErrorListener()] WARN  org.jivesoftware.smack.AbstractXMPPConnection -
				Connection XMPPTCPConnection[redstar@myopenfire/server] (0) closed with error
org.jivesoftware.smack.XMPPException$StreamErrorException: conflict You can read more about the meaning of this stream error at http://xmpp.org/rfcs/rfc6120.html#streams-error-conditions
<stream:error><conflict xmlns='urn:ietf:params:xml:ns:xmpp-streams'/></stream:error>
	at org.jivesoftware.smack.tcp.XMPPTCPConnection$PacketReader.parsePackets(XMPPTCPConnection.java:1164)
	at org.jivesoftware.smack.tcp.XMPPTCPConnection$PacketReader.access$1000(XMPPTCPConnection.java:1092)
	at org.jivesoftware.smack.tcp.XMPPTCPConnection$PacketReader$1.run(XMPPTCPConnection.java:1112)
	at java.lang.Thread.run(Thread.java:745)
2020-03-07 14:36:51.156 [XMPPTCPConnection[not-authenticated] (0) callConnectionClosedOnErrorListener()] WARN  org.jivesoftware.smack.AbstractXMPPConnection -
				Connection XMPPTCPConnection[not-authenticated] (0) closed with error
org.jivesoftware.smack.XMPPException$StreamErrorException: conflict You can read more about the meaning of this stream error at http://xmpp.org/rfcs/rfc6120.html#streams-error-conditions
<stream:error><conflict xmlns='urn:ietf:params:xml:ns:xmpp-streams'/></stream:error>
	at org.jivesoftware.smack.tcp.XMPPTCPConnection$PacketReader.parsePackets(XMPPTCPConnection.java:1164)
	at org.jivesoftware.smack.tcp.XMPPTCPConnection$PacketReader.access$1000(XMPPTCPConnection.java:1092)
	at org.jivesoftware.smack.tcp.XMPPTCPConnection$PacketReader$1.run(XMPPTCPConnection.java:1112)
	at java.lang.Thread.run(Thread.java:745)
2020-03-07 15:06:51.112 [XMPPTCPConnection[not-authenticated] (1) callConnectionClosedOnErrorListener()] WARN  org.jivesoftware.smack.AbstractXMPPConnection -
				Connection XMPPTCPConnection[not-authenticated] (1) closed with error
org.jivesoftware.smack.XMPPException$StreamErrorException: conflict You can read more about the meaning of this stream error at http://xmpp.org/rfcs/rfc6120.html#streams-error-conditions
<stream:error><conflict xmlns='urn:ietf:params:xml:ns:xmpp-streams'/></stream:error>
	at org.jivesoftware.smack.tcp.XMPPTCPConnection$PacketReader.parsePackets(XMPPTCPConnection.java:1164)
	at org.jivesoftware.smack.tcp.XMPPTCPConnection$PacketReader.access$1000(XMPPTCPConnection.java:1092)
	at org.jivesoftware.smack.tcp.XMPPTCPConnection$PacketReader$1.run(XMPPTCPConnection.java:1112)
	at java.lang.Thread.run(Thread.java:745)
2020-03-07 15:09:16.294 [XMPPTCPConnection[redstar@myopenfire/server] (0) callConnectionClosedOnErrorListener()] WARN  org.jivesoftware.smack.AbstractXMPPConnection -
				Connection XMPPTCPConnection[redstar@myopenfire/server] (0) closed with error
org.jivesoftware.smack.XMPPException$StreamErrorException: conflict You can read more about the meaning of this stream error at http://xmpp.org/rfcs/rfc6120.html#streams-error-conditions
<stream:error><conflict xmlns='urn:ietf:params:xml:ns:xmpp-streams'/></stream:error>
	at org.jivesoftware.smack.tcp.XMPPTCPConnection$PacketReader.parsePackets(XMPPTCPConnection.java:1164)
	at org.jivesoftware.smack.tcp.XMPPTCPConnection$PacketReader.access$1000(XMPPTCPConnection.java:1092)
	at org.jivesoftware.smack.tcp.XMPPTCPConnection$PacketReader$1.run(XMPPTCPConnection.java:1112)
	at java.lang.Thread.run(Thread.java:745)
